[0m19:25:16.947357 [debug] [MainThread]: Sending event: {'category': 'dbt', 'action': 'invocation', 'label': 'start', 'context': [<snowplow_tracker.self_describing_json.SelfDescribingJson object at 0x00000273FFC82120>, <snowplow_tracker.self_describing_json.SelfDescribingJson object at 0x000002738260BD90>, <snowplow_tracker.self_describing_json.SelfDescribingJson object at 0x000002738260B9D0>]}


============================== 19:25:16.952058 | 1febf2d4-366b-4684-a0b2-10d1e2af16e1 ==============================
[0m19:25:16.952058 [info ] [MainThread]: Running with dbt=1.7.19
[0m19:25:16.953167 [debug] [MainThread]: running dbt with arguments {'printer_width': '80', 'indirect_selection': 'eager', 'write_json': 'True', 'log_cache_events': 'False', 'partial_parse': 'True', 'cache_selected_only': 'False', 'warn_error': 'None', 'debug': 'False', 'profiles_dir': 'C:\\Users\\karen\\.dbt', 'log_path': 'logs', 'version_check': 'True', 'fail_fast': 'False', 'use_colors': 'True', 'use_experimental_parser': 'False', 'no_print': 'None', 'quiet': 'False', 'warn_error_options': 'WarnErrorOptions(include=[], exclude=[])', 'invocation_command': 'dbt init', 'static_parser': 'True', 'introspect': 'True', 'target_path': 'None', 'log_format': 'default', 'send_anonymous_usage_stats': 'True'}
[0m19:25:21.630441 [debug] [MainThread]: Starter project path: C:\Users\karen\AppData\Local\Programs\Python\Python313\Lib\site-packages\dbt\include\starter_project
[0m19:25:21.702251 [info ] [MainThread]: 
Your new dbt project "dbt_project" was created!

For more information on how to configure the profiles.yml file,
please consult the dbt documentation here:

  https://docs.getdbt.com/docs/configure-your-profile

One more thing:

Need help? Don't hesitate to reach out to us via GitHub issues or on Slack:

  https://community.getdbt.com/

Happy modeling!

[0m19:25:21.704309 [info ] [MainThread]: Setting up your profile.
[0m19:25:25.558300 [debug] [MainThread]: Command `dbt init` succeeded at 19:25:25.558038 after 8.72 seconds
[0m19:25:25.558759 [debug] [MainThread]: Sending event: {'category': 'dbt', 'action': 'invocation', 'label': 'end', 'context': [<snowplow_tracker.self_describing_json.SelfDescribingJson object at 0x00000273FBBB6520>, <snowplow_tracker.self_describing_json.SelfDescribingJson object at 0x00000273828E8950>, <snowplow_tracker.self_describing_json.SelfDescribingJson object at 0x00000273828919D0>]}
[0m19:25:25.559169 [debug] [MainThread]: Flushing usage events
[0m19:26:01.335741 [debug] [MainThread]: Sending event: {'category': 'dbt', 'action': 'invocation', 'label': 'start', 'context': [<snowplow_tracker.self_describing_json.SelfDescribingJson object at 0x0000028A3B232120>, <snowplow_tracker.self_describing_json.SelfDescribingJson object at 0x0000028A3DB7BD90>, <snowplow_tracker.self_describing_json.SelfDescribingJson object at 0x0000028A3DB7B9D0>]}


============================== 19:26:01.340493 | f08cfde4-e72c-4986-8842-6136166623b2 ==============================
[0m19:26:01.340493 [info ] [MainThread]: Running with dbt=1.7.19
[0m19:26:01.341629 [debug] [MainThread]: running dbt with arguments {'printer_width': '80', 'indirect_selection': 'eager', 'log_cache_events': 'False', 'write_json': 'True', 'partial_parse': 'True', 'cache_selected_only': 'False', 'profiles_dir': 'C:\\Users\\karen\\.dbt', 'debug': 'False', 'version_check': 'True', 'log_path': 'logs', 'warn_error': 'None', 'fail_fast': 'False', 'use_colors': 'True', 'use_experimental_parser': 'False', 'no_print': 'None', 'quiet': 'False', 'log_format': 'default', 'static_parser': 'True', 'warn_error_options': 'WarnErrorOptions(include=[], exclude=[])', 'introspect': 'True', 'target_path': 'None', 'invocation_command': 'dbt debug', 'send_anonymous_usage_stats': 'True'}
[0m19:26:01.342295 [info ] [MainThread]: dbt version: 1.7.19
[0m19:26:01.343233 [info ] [MainThread]: python version: 3.13.2
[0m19:26:01.344029 [info ] [MainThread]: python path: C:\Users\karen\AppData\Local\Programs\Python\Python313\python.exe
[0m19:26:01.344702 [info ] [MainThread]: os info: Windows-10-10.0.19045-SP0
[0m19:26:01.446293 [info ] [MainThread]: Using profiles dir at C:\Users\karen\.dbt
[0m19:26:01.447352 [info ] [MainThread]: Using profiles.yml file at C:\Users\karen\.dbt\profiles.yml
[0m19:26:01.448034 [info ] [MainThread]: Using dbt_project.yml file at C:\Users\karen\Downloads\Cientista de Dados\desafio-dados\dbt_project.yml
[0m19:26:01.448813 [info ] [MainThread]: Configuration:
[0m19:26:01.449442 [info ] [MainThread]:   profiles.yml file [[31mERROR invalid[0m]
[0m19:26:01.450043 [info ] [MainThread]:   dbt_project.yml file [[31mERROR not found[0m]
[0m19:26:01.450762 [info ] [MainThread]: Required dependencies:
[0m19:26:01.451352 [debug] [MainThread]: Executing "git --help"
[0m19:26:01.495543 [debug] [MainThread]: STDOUT: "b"usage: git [-v | --version] [-h | --help] [-C <path>] [-c <name>=<value>]\n           [--exec-path[=<path>]] [--html-path] [--man-path] [--info-path]\n           [-p | --paginate | -P | --no-pager] [--no-replace-objects] [--bare]\n           [--git-dir=<path>] [--work-tree=<path>] [--namespace=<name>]\n           [--config-env=<name>=<envvar>] <command> [<args>]\n\nThese are common Git commands used in various situations:\n\nstart a working area (see also: git help tutorial)\n   clone     Clone a repository into a new directory\n   init      Create an empty Git repository or reinitialize an existing one\n\nwork on the current change (see also: git help everyday)\n   add       Add file contents to the index\n   mv        Move or rename a file, a directory, or a symlink\n   restore   Restore working tree files\n   rm        Remove files from the working tree and from the index\n\nexamine the history and state (see also: git help revisions)\n   bisect    Use binary search to find the commit that introduced a bug\n   diff      Show changes between commits, commit and working tree, etc\n   grep      Print lines matching a pattern\n   log       Show commit logs\n   show      Show various types of objects\n   status    Show the working tree status\n\ngrow, mark and tweak your common history\n   branch    List, create, or delete branches\n   commit    Record changes to the repository\n   merge     Join two or more development histories together\n   rebase    Reapply commits on top of another base tip\n   reset     Reset current HEAD to the specified state\n   switch    Switch branches\n   tag       Create, list, delete or verify a tag object signed with GPG\n\ncollaborate (see also: git help workflows)\n   fetch     Download objects and refs from another repository\n   pull      Fetch from and integrate with another repository or a local branch\n   push      Update remote refs along with associated objects\n\n'git help -a' and 'git help -g' list available subcommands and some\nconcept guides. See 'git help <command>' or 'git help <concept>'\nto read about a specific subcommand or concept.\nSee 'git help git' for an overview of the system.\n""
[0m19:26:01.496343 [debug] [MainThread]: STDERR: "b''"
[0m19:26:01.496840 [info ] [MainThread]:  - git [[32mOK found[0m]

[0m19:26:01.497849 [info ] [MainThread]: Connection test skipped since no profile was found
[0m19:26:01.498606 [info ] [MainThread]: [31m2 checks failed:[0m
[0m19:26:01.499542 [info ] [MainThread]: Could not load dbt_project.yml
Profile loading failed for the following reason:
Runtime Error
  Credentials in profile "dbt_project", target "dev" invalid: ['schema'] is not valid under any of the given schemas


[0m19:26:01.501076 [info ] [MainThread]: Project loading failed for the following reason:
 project path <C:\Users\karen\Downloads\Cientista de Dados\desafio-dados\dbt_project.yml> not found

[0m19:26:01.502693 [debug] [MainThread]: Command `dbt debug` failed at 19:26:01.502498 after 0.28 seconds
[0m19:26:01.503156 [debug] [MainThread]: Sending event: {'category': 'dbt', 'action': 'invocation', 'label': 'end', 'context': [<snowplow_tracker.self_describing_json.SelfDescribingJson object at 0x0000028A3DE49480>, <snowplow_tracker.self_describing_json.SelfDescribingJson object at 0x0000028A3DE9F1D0>, <snowplow_tracker.self_describing_json.SelfDescribingJson object at 0x0000028A3DE45BF0>]}
[0m19:26:01.503862 [debug] [MainThread]: Flushing usage events
[0m05:02:23.579891 [debug] [MainThread]: Sending event: {'category': 'dbt', 'action': 'invocation', 'label': 'start', 'context': [<snowplow_tracker.self_describing_json.SelfDescribingJson object at 0x0000018EC663D550>, <snowplow_tracker.self_describing_json.SelfDescribingJson object at 0x0000018EC47C5090>, <snowplow_tracker.self_describing_json.SelfDescribingJson object at 0x0000018EC7757ED0>]}


============================== 05:02:23.585081 | c570e440-0420-4e6b-8acb-162d653ebd43 ==============================
[0m05:02:23.585081 [info ] [MainThread]: Running with dbt=1.9.2
[0m05:02:23.586043 [debug] [MainThread]: running dbt with arguments {'printer_width': '80', 'indirect_selection': 'eager', 'log_cache_events': 'False', 'write_json': 'True', 'partial_parse': 'True', 'cache_selected_only': 'False', 'warn_error': 'None', 'fail_fast': 'False', 'profiles_dir': 'C:\\Users\\karen\\.dbt', 'log_path': 'logs', 'version_check': 'True', 'debug': 'False', 'use_colors': 'True', 'use_experimental_parser': 'False', 'empty': 'None', 'quiet': 'False', 'no_print': 'None', 'warn_error_options': 'WarnErrorOptions(include=[], exclude=[])', 'invocation_command': 'dbt clean', 'log_format': 'default', 'introspect': 'True', 'target_path': 'None', 'static_parser': 'True', 'send_anonymous_usage_stats': 'True'}
[0m05:02:23.586968 [error] [MainThread]: Encountered an error:
Runtime Error
  No dbt_project.yml found at expected path C:\Users\karen\Downloads\Cientista de Dados\desafio-dados\dbt_project.yml
  Verify that each entry within packages.yml (and their transitive dependencies) contains a file named dbt_project.yml
  
[0m05:02:23.588341 [debug] [MainThread]: Command `dbt clean` failed at 05:02:23.588187 after 0.19 seconds
[0m05:02:23.588774 [debug] [MainThread]: Sending event: {'category': 'dbt', 'action': 'invocation', 'label': 'end', 'context': [<snowplow_tracker.self_describing_json.SelfDescribingJson object at 0x0000018EC777CFC0>, <snowplow_tracker.self_describing_json.SelfDescribingJson object at 0x0000018EC7676690>, <snowplow_tracker.self_describing_json.SelfDescribingJson object at 0x0000018EC7615D00>]}
[0m05:02:23.589179 [debug] [MainThread]: Flushing usage events
[0m05:02:24.289368 [debug] [MainThread]: An error was encountered while trying to flush usage events
